C51 COMPILER V9.59.0.0   AUTORUN                                                           11/19/2019 17:35:35 PAGE 1   


C51 COMPILER V9.59.0.0, COMPILATION OF MODULE AUTORUN
OBJECT MODULE PLACED IN ..\HEX\autorun.obj
COMPILER INVOKED BY: D:\Keil_v5\C51\BIN\C51.EXE ..\SCR\autorun.c OPTIMIZE(9,SPEED) BROWSE INCDIR(..\INC) DEBUG OBJECTEXT
                    -END PRINT(.\autorun.lst) OBJECT(..\HEX\autorun.obj)

line level    source

   1          /****************************************************************************
   2          * File:                 autorun.c                                                                                                       *
   3          * Created:              2015-02-13                                                                                                      *
   4          * Last Change:                                                                                                                          *
   5          * Author:               chen zhi peng                                                                                           *
   6          * Description:                                                                                                                          *
   7          ****************************************************************************/
   8          #include "AUTORUN.h"
   9          
  10          u8 xdata aLine;         //自动运行流程
  11          u8  data AtNum;         //自动运行计时
  12          u8 xdata hafTest;       //半坡抬闸测试
  13          u8 xdata Atctr;         //自动控制
  14          
  15          
  16          void intAtRun()
  17          {
  18   1              aLine=0;
  19   1              AtNum=0;
  20   1              hafTest=0;
  21   1              Atctr=0;
  22   1      }
  23          void AtRun_clk()
  24          {
  25   1              if ( AtNum )
  26   1              {
  27   2                      AtNum--;    //自动运行时钟
  28   2              }
  29   1      }
  30          
  31          void AtRun()
  32          {
  33   1              switch ( aLine )
  34   1              {
  35   2                      case 0:
  36   2                              break;
  37   2                      case 1:
  38   2                              if ( iTask== ITASK_NA )
  39   2                              {
  40   3                                      AtNum= GAPTIME;
  41   3                                      aLine=2;
  42   3                              }
  43   2                              break;
  44   2      
  45   2                      case 2:
  46   2                              if ( AtNum )
  47   2                              {
  48   3                                      break;
  49   3                              }
  50   2                              Event ( ITASK_AUTO_UP );
  51   2                              aLine=3;
  52   2                              break;
  53   2      
  54   2                      case 3:
C51 COMPILER V9.59.0.0   AUTORUN                                                           11/19/2019 17:35:35 PAGE 2   

  55   2                              if ( iTask== ITASK_NA )
  56   2                              {
  57   3                                      AtNum= GAPTIME;
  58   3                                      aLine=4;
  59   3                              }
  60   2                              break;
  61   2      
  62   2                      case 4:
  63   2                              if ( AtNum )
  64   2                              {
  65   3                                      break;
  66   3                              }
  67   2                              Event ( ITASK_AUTO_DW );
  68   2                              hafTest++;
  69   2                              aLine=5;
  70   2                              break;
  71   2      
  72   2                      case 5:
  73   2                              switch ( hafTest )
  74   2                              {
  75   3                                      case 2:
  76   3                                              if ( SpeRinN > DwSlo/4*1 )
  77   3                                              {
  78   4                                                      Event ( ITASK_AUTO_UP );
  79   4                                                      aLine=3;
  80   4                                              }
  81   3                                              break;
  82   3                                      case 4:
  83   3                                              if ( SpeRinN > DwSlo/4*2 )
  84   3                                              {
  85   4                                                      Event ( ITASK_AUTO_UP );
  86   4                                                      aLine=3;
  87   4                                              }
  88   3                                              break;
  89   3                                      case 6:
  90   3                                              if ( SpeRinN > DwSlo/4*3 )
  91   3                                              {
  92   4                                                      Event ( ITASK_AUTO_UP );
  93   4                                                      aLine=3;
  94   4                                              }
  95   3                                              break;
  96   3      
  97   3                                      case 1:
  98   3                                      case 3:
  99   3                                      case 5:
 100   3                                              if ( iTask== ITASK_NA )
 101   3                                              {
 102   4                                                      AtNum= GAPTIME;
 103   4                                                      aLine=2;
 104   4                                              }
 105   3                                              break;
 106   3      
 107   3                                      case 7:
 108   3                                              if ( iTask== ITASK_NA )
 109   3                                              {
 110   4                                                      AtNum= GAPTIME;
 111   4                                                      aLine=2;
 112   4                                                      hafTest=0;
 113   4                                              }
 114   3                                              break;
 115   3      
 116   3                                      default:
C51 COMPILER V9.59.0.0   AUTORUN                                                           11/19/2019 17:35:35 PAGE 3   

 117   3                                              aLine=2;
 118   3                                              hafTest=0;
 119   3                                              AtNum=0;
 120   3                                              break;
 121   3                              }
 122   2                              break;
 123   2      
 124   2                      default:
 125   2                              aLine=0;
 126   2                              hafTest=0;
 127   2                              AtNum=0;
 128   2                              break;
 129   2              }
 130   1      
 131   1      }
 132          


MODULE INFORMATION:   STATIC OVERLAYABLE
   CODE SIZE        =    266    ----
   CONSTANT SIZE    =   ----    ----
   XDATA SIZE       =      3    ----
   PDATA SIZE       =   ----    ----
   DATA SIZE        =      1    ----
   IDATA SIZE       =   ----    ----
   BIT SIZE         =   ----    ----
END OF MODULE INFORMATION.


C51 COMPILATION COMPLETE.  0 WARNING(S),  0 ERROR(S)
